[2025-07-22 10:01:53] local.ERROR: SQLSTATE[HY000] [1049] Unknown database 'inventory_db' (Connection: mysql, SQL: select exists (select 1 from information_schema.tables where table_schema = schema() and table_name = 'migrations' and table_type in ('BASE TABLE', 'SYSTEM VERSIONED')) as `exists`) {"exception":"[object] (Illuminate\\Database\\QueryException(code: 1049): SQLSTATE[HY000] [1049] Unknown database 'inventory_db' (Connection: mysql, SQL: select exists (select 1 from information_schema.tables where table_schema = schema() and table_name = 'migrations' and table_type in ('BASE TABLE', 'SYSTEM VERSIONED')) as `exists`) at /opt/lampp/htdocs/Inventory-Mgt-System-25/vendor/laravel/framework/src/Illuminate/Database/Connection.php:822)
[stacktrace]
#0 /opt/lampp/htdocs/Inventory-Mgt-System-25/vendor/laravel/framework/src/Illuminate/Database/Connection.php(776): Illuminate\\Database\\Connection->runQueryCallback()
#1 /opt/lampp/htdocs/Inventory-Mgt-System-25/vendor/laravel/framework/src/Illuminate/Database/Connection.php(395): Illuminate\\Database\\Connection->run()
#2 /opt/lampp/htdocs/Inventory-Mgt-System-25/vendor/laravel/framework/src/Illuminate/Database/Connection.php(341): Illuminate\\Database\\Connection->select()
#3 /opt/lampp/htdocs/Inventory-Mgt-System-25/vendor/laravel/framework/src/Illuminate/Database/Connection.php(358): Illuminate\\Database\\Connection->selectOne()
#4 /opt/lampp/htdocs/Inventory-Mgt-System-25/vendor/laravel/framework/src/Illuminate/Database/Schema/Builder.php(174): Illuminate\\Database\\Connection->scalar()
#5 /opt/lampp/htdocs/Inventory-Mgt-System-25/vendor/laravel/framework/src/Illuminate/Database/Migrations/DatabaseMigrationRepository.php(183): Illuminate\\Database\\Schema\\Builder->hasTable()
#6 /opt/lampp/htdocs/Inventory-Mgt-System-25/vendor/laravel/framework/src/Illuminate/Database/Migrations/Migrator.php(749): Illuminate\\Database\\Migrations\\DatabaseMigrationRepository->repositoryExists()
#7 /opt/lampp/htdocs/Inventory-Mgt-System-25/vendor/laravel/framework/src/Illuminate/Database/Console/Migrations/FreshCommand.php(67): Illuminate\\Database\\Migrations\\Migrator->repositoryExists()
#8 /opt/lampp/htdocs/Inventory-Mgt-System-25/vendor/laravel/framework/src/Illuminate/Database/Migrations/Migrator.php(665): Illuminate\\Database\\Console\\Migrations\\FreshCommand->Illuminate\\Database\\Console\\Migrations\\{closure}()
#9 /opt/lampp/htdocs/Inventory-Mgt-System-25/vendor/laravel/framework/src/Illuminate/Database/Console/Migrations/FreshCommand.php(66): Illuminate\\Database\\Migrations\\Migrator->usingConnection()
#10 /opt/lampp/htdocs/Inventory-Mgt-System-25/vendor/laravel/framework/src/Illuminate/Container/BoundMethod.php(36): Illuminate\\Database\\Console\\Migrations\\FreshCommand->handle()
#11 /opt/lampp/htdocs/Inventory-Mgt-System-25/vendor/laravel/framework/src/Illuminate/Container/Util.php(43): Illuminate\\Container\\BoundMethod::Illuminate\\Container\\{closure}()
#12 /opt/lampp/htdocs/Inventory-Mgt-System-25/vendor/laravel/framework/src/Illuminate/Container/BoundMethod.php(96): Illuminate\\Container\\Util::unwrapIfClosure()
#13 /opt/lampp/htdocs/Inventory-Mgt-System-25/vendor/laravel/framework/src/Illuminate/Container/BoundMethod.php(35): Illuminate\\Container\\BoundMethod::callBoundMethod()
#14 /opt/lampp/htdocs/Inventory-Mgt-System-25/vendor/laravel/framework/src/Illuminate/Container/Container.php(754): Illuminate\\Container\\BoundMethod::call()
#15 /opt/lampp/htdocs/Inventory-Mgt-System-25/vendor/laravel/framework/src/Illuminate/Console/Command.php(211): Illuminate\\Container\\Container->call()
#16 /opt/lampp/htdocs/Inventory-Mgt-System-25/vendor/symfony/console/Command/Command.php(318): Illuminate\\Console\\Command->execute()
#17 /opt/lampp/htdocs/Inventory-Mgt-System-25/vendor/laravel/framework/src/Illuminate/Console/Command.php(180): Symfony\\Component\\Console\\Command\\Command->run()
#18 /opt/lampp/htdocs/Inventory-Mgt-System-25/vendor/symfony/console/Application.php(1092): Illuminate\\Console\\Command->run()
#19 /opt/lampp/htdocs/Inventory-Mgt-System-25/vendor/symfony/console/Application.php(341): Symfony\\Component\\Console\\Application->doRunCommand()
#20 /opt/lampp/htdocs/Inventory-Mgt-System-25/vendor/symfony/console/Application.php(192): Symfony\\Component\\Console\\Application->doRun()
#21 /opt/lampp/htdocs/Inventory-Mgt-System-25/vendor/laravel/framework/src/Illuminate/Foundation/Console/Kernel.php(197): Symfony\\Component\\Console\\Application->run()
#22 /opt/lampp/htdocs/Inventory-Mgt-System-25/vendor/laravel/framework/src/Illuminate/Foundation/Application.php(1234): Illuminate\\Foundation\\Console\\Kernel->handle()
#23 /opt/lampp/htdocs/Inventory-Mgt-System-25/artisan(16): Illuminate\\Foundation\\Application->handleCommand()
#24 {main}

[previous exception] [object] (PDOException(code: 1049): SQLSTATE[HY000] [1049] Unknown database 'inventory_db' at /opt/lampp/htdocs/Inventory-Mgt-System-25/vendor/laravel/framework/src/Illuminate/Database/Connectors/Connector.php:66)
[stacktrace]
#0 /opt/lampp/htdocs/Inventory-Mgt-System-25/vendor/laravel/framework/src/Illuminate/Database/Connectors/Connector.php(66): PDO->__construct()
#1 /opt/lampp/htdocs/Inventory-Mgt-System-25/vendor/laravel/framework/src/Illuminate/Database/Connectors/Connector.php(44): Illuminate\\Database\\Connectors\\Connector->createPdoConnection()
#2 /opt/lampp/htdocs/Inventory-Mgt-System-25/vendor/laravel/framework/src/Illuminate/Database/Connectors/MySqlConnector.php(24): Illuminate\\Database\\Connectors\\Connector->createConnection()
#3 /opt/lampp/htdocs/Inventory-Mgt-System-25/vendor/laravel/framework/src/Illuminate/Database/Connectors/ConnectionFactory.php(184): Illuminate\\Database\\Connectors\\MySqlConnector->connect()
#4 [internal function]: Illuminate\\Database\\Connectors\\ConnectionFactory->Illuminate\\Database\\Connectors\\{closure}()
#5 /opt/lampp/htdocs/Inventory-Mgt-System-25/vendor/laravel/framework/src/Illuminate/Database/Connection.php(1228): call_user_func()
#6 /opt/lampp/htdocs/Inventory-Mgt-System-25/vendor/laravel/framework/src/Illuminate/Database/Connection.php(1264): Illuminate\\Database\\Connection->getPdo()
#7 /opt/lampp/htdocs/Inventory-Mgt-System-25/vendor/laravel/framework/src/Illuminate/Database/Connection.php(509): Illuminate\\Database\\Connection->getReadPdo()
#8 /opt/lampp/htdocs/Inventory-Mgt-System-25/vendor/laravel/framework/src/Illuminate/Database/Connection.php(404): Illuminate\\Database\\Connection->getPdoForSelect()
#9 /opt/lampp/htdocs/Inventory-Mgt-System-25/vendor/laravel/framework/src/Illuminate/Database/Connection.php(809): Illuminate\\Database\\Connection->Illuminate\\Database\\{closure}()
#10 /opt/lampp/htdocs/Inventory-Mgt-System-25/vendor/laravel/framework/src/Illuminate/Database/Connection.php(776): Illuminate\\Database\\Connection->runQueryCallback()
#11 /opt/lampp/htdocs/Inventory-Mgt-System-25/vendor/laravel/framework/src/Illuminate/Database/Connection.php(395): Illuminate\\Database\\Connection->run()
#12 /opt/lampp/htdocs/Inventory-Mgt-System-25/vendor/laravel/framework/src/Illuminate/Database/Connection.php(341): Illuminate\\Database\\Connection->select()
#13 /opt/lampp/htdocs/Inventory-Mgt-System-25/vendor/laravel/framework/src/Illuminate/Database/Connection.php(358): Illuminate\\Database\\Connection->selectOne()
#14 /opt/lampp/htdocs/Inventory-Mgt-System-25/vendor/laravel/framework/src/Illuminate/Database/Schema/Builder.php(174): Illuminate\\Database\\Connection->scalar()
#15 /opt/lampp/htdocs/Inventory-Mgt-System-25/vendor/laravel/framework/src/Illuminate/Database/Migrations/DatabaseMigrationRepository.php(183): Illuminate\\Database\\Schema\\Builder->hasTable()
#16 /opt/lampp/htdocs/Inventory-Mgt-System-25/vendor/laravel/framework/src/Illuminate/Database/Migrations/Migrator.php(749): Illuminate\\Database\\Migrations\\DatabaseMigrationRepository->repositoryExists()
#17 /opt/lampp/htdocs/Inventory-Mgt-System-25/vendor/laravel/framework/src/Illuminate/Database/Console/Migrations/FreshCommand.php(67): Illuminate\\Database\\Migrations\\Migrator->repositoryExists()
#18 /opt/lampp/htdocs/Inventory-Mgt-System-25/vendor/laravel/framework/src/Illuminate/Database/Migrations/Migrator.php(665): Illuminate\\Database\\Console\\Migrations\\FreshCommand->Illuminate\\Database\\Console\\Migrations\\{closure}()
#19 /opt/lampp/htdocs/Inventory-Mgt-System-25/vendor/laravel/framework/src/Illuminate/Database/Console/Migrations/FreshCommand.php(66): Illuminate\\Database\\Migrations\\Migrator->usingConnection()
#20 /opt/lampp/htdocs/Inventory-Mgt-System-25/vendor/laravel/framework/src/Illuminate/Container/BoundMethod.php(36): Illuminate\\Database\\Console\\Migrations\\FreshCommand->handle()
#21 /opt/lampp/htdocs/Inventory-Mgt-System-25/vendor/laravel/framework/src/Illuminate/Container/Util.php(43): Illuminate\\Container\\BoundMethod::Illuminate\\Container\\{closure}()
#22 /opt/lampp/htdocs/Inventory-Mgt-System-25/vendor/laravel/framework/src/Illuminate/Container/BoundMethod.php(96): Illuminate\\Container\\Util::unwrapIfClosure()
#23 /opt/lampp/htdocs/Inventory-Mgt-System-25/vendor/laravel/framework/src/Illuminate/Container/BoundMethod.php(35): Illuminate\\Container\\BoundMethod::callBoundMethod()
#24 /opt/lampp/htdocs/Inventory-Mgt-System-25/vendor/laravel/framework/src/Illuminate/Container/Container.php(754): Illuminate\\Container\\BoundMethod::call()
#25 /opt/lampp/htdocs/Inventory-Mgt-System-25/vendor/laravel/framework/src/Illuminate/Console/Command.php(211): Illuminate\\Container\\Container->call()
#26 /opt/lampp/htdocs/Inventory-Mgt-System-25/vendor/symfony/console/Command/Command.php(318): Illuminate\\Console\\Command->execute()
#27 /opt/lampp/htdocs/Inventory-Mgt-System-25/vendor/laravel/framework/src/Illuminate/Console/Command.php(180): Symfony\\Component\\Console\\Command\\Command->run()
#28 /opt/lampp/htdocs/Inventory-Mgt-System-25/vendor/symfony/console/Application.php(1092): Illuminate\\Console\\Command->run()
#29 /opt/lampp/htdocs/Inventory-Mgt-System-25/vendor/symfony/console/Application.php(341): Symfony\\Component\\Console\\Application->doRunCommand()
#30 /opt/lampp/htdocs/Inventory-Mgt-System-25/vendor/symfony/console/Application.php(192): Symfony\\Component\\Console\\Application->doRun()
#31 /opt/lampp/htdocs/Inventory-Mgt-System-25/vendor/laravel/framework/src/Illuminate/Foundation/Console/Kernel.php(197): Symfony\\Component\\Console\\Application->run()
#32 /opt/lampp/htdocs/Inventory-Mgt-System-25/vendor/laravel/framework/src/Illuminate/Foundation/Application.php(1234): Illuminate\\Foundation\\Console\\Kernel->handle()
#33 /opt/lampp/htdocs/Inventory-Mgt-System-25/artisan(16): Illuminate\\Foundation\\Application->handleCommand()
#34 {main}
"} 
[2025-07-22 10:06:09] local.ERROR: SQLSTATE[HY000] [1049] Unknown database 'inventory_db' (Connection: mysql, SQL: select exists (select 1 from information_schema.tables where table_schema = schema() and table_name = 'migrations' and table_type in ('BASE TABLE', 'SYSTEM VERSIONED')) as `exists`) {"exception":"[object] (Illuminate\\Database\\QueryException(code: 1049): SQLSTATE[HY000] [1049] Unknown database 'inventory_db' (Connection: mysql, SQL: select exists (select 1 from information_schema.tables where table_schema = schema() and table_name = 'migrations' and table_type in ('BASE TABLE', 'SYSTEM VERSIONED')) as `exists`) at /opt/lampp/htdocs/Inventory-Mgt-System-25/vendor/laravel/framework/src/Illuminate/Database/Connection.php:822)
[stacktrace]
#0 /opt/lampp/htdocs/Inventory-Mgt-System-25/vendor/laravel/framework/src/Illuminate/Database/Connection.php(776): Illuminate\\Database\\Connection->runQueryCallback()
#1 /opt/lampp/htdocs/Inventory-Mgt-System-25/vendor/laravel/framework/src/Illuminate/Database/Connection.php(395): Illuminate\\Database\\Connection->run()
#2 /opt/lampp/htdocs/Inventory-Mgt-System-25/vendor/laravel/framework/src/Illuminate/Database/Connection.php(341): Illuminate\\Database\\Connection->select()
#3 /opt/lampp/htdocs/Inventory-Mgt-System-25/vendor/laravel/framework/src/Illuminate/Database/Connection.php(358): Illuminate\\Database\\Connection->selectOne()
#4 /opt/lampp/htdocs/Inventory-Mgt-System-25/vendor/laravel/framework/src/Illuminate/Database/Schema/Builder.php(174): Illuminate\\Database\\Connection->scalar()
#5 /opt/lampp/htdocs/Inventory-Mgt-System-25/vendor/laravel/framework/src/Illuminate/Database/Migrations/DatabaseMigrationRepository.php(183): Illuminate\\Database\\Schema\\Builder->hasTable()
#6 /opt/lampp/htdocs/Inventory-Mgt-System-25/vendor/laravel/framework/src/Illuminate/Database/Migrations/Migrator.php(749): Illuminate\\Database\\Migrations\\DatabaseMigrationRepository->repositoryExists()
#7 /opt/lampp/htdocs/Inventory-Mgt-System-25/vendor/laravel/framework/src/Illuminate/Database/Console/Migrations/FreshCommand.php(67): Illuminate\\Database\\Migrations\\Migrator->repositoryExists()
#8 /opt/lampp/htdocs/Inventory-Mgt-System-25/vendor/laravel/framework/src/Illuminate/Database/Migrations/Migrator.php(665): Illuminate\\Database\\Console\\Migrations\\FreshCommand->Illuminate\\Database\\Console\\Migrations\\{closure}()
#9 /opt/lampp/htdocs/Inventory-Mgt-System-25/vendor/laravel/framework/src/Illuminate/Database/Console/Migrations/FreshCommand.php(66): Illuminate\\Database\\Migrations\\Migrator->usingConnection()
#10 /opt/lampp/htdocs/Inventory-Mgt-System-25/vendor/laravel/framework/src/Illuminate/Container/BoundMethod.php(36): Illuminate\\Database\\Console\\Migrations\\FreshCommand->handle()
#11 /opt/lampp/htdocs/Inventory-Mgt-System-25/vendor/laravel/framework/src/Illuminate/Container/Util.php(43): Illuminate\\Container\\BoundMethod::Illuminate\\Container\\{closure}()
#12 /opt/lampp/htdocs/Inventory-Mgt-System-25/vendor/laravel/framework/src/Illuminate/Container/BoundMethod.php(96): Illuminate\\Container\\Util::unwrapIfClosure()
#13 /opt/lampp/htdocs/Inventory-Mgt-System-25/vendor/laravel/framework/src/Illuminate/Container/BoundMethod.php(35): Illuminate\\Container\\BoundMethod::callBoundMethod()
#14 /opt/lampp/htdocs/Inventory-Mgt-System-25/vendor/laravel/framework/src/Illuminate/Container/Container.php(754): Illuminate\\Container\\BoundMethod::call()
#15 /opt/lampp/htdocs/Inventory-Mgt-System-25/vendor/laravel/framework/src/Illuminate/Console/Command.php(211): Illuminate\\Container\\Container->call()
#16 /opt/lampp/htdocs/Inventory-Mgt-System-25/vendor/symfony/console/Command/Command.php(318): Illuminate\\Console\\Command->execute()
#17 /opt/lampp/htdocs/Inventory-Mgt-System-25/vendor/laravel/framework/src/Illuminate/Console/Command.php(180): Symfony\\Component\\Console\\Command\\Command->run()
#18 /opt/lampp/htdocs/Inventory-Mgt-System-25/vendor/symfony/console/Application.php(1092): Illuminate\\Console\\Command->run()
#19 /opt/lampp/htdocs/Inventory-Mgt-System-25/vendor/symfony/console/Application.php(341): Symfony\\Component\\Console\\Application->doRunCommand()
#20 /opt/lampp/htdocs/Inventory-Mgt-System-25/vendor/symfony/console/Application.php(192): Symfony\\Component\\Console\\Application->doRun()
#21 /opt/lampp/htdocs/Inventory-Mgt-System-25/vendor/laravel/framework/src/Illuminate/Foundation/Console/Kernel.php(197): Symfony\\Component\\Console\\Application->run()
#22 /opt/lampp/htdocs/Inventory-Mgt-System-25/vendor/laravel/framework/src/Illuminate/Foundation/Application.php(1234): Illuminate\\Foundation\\Console\\Kernel->handle()
#23 /opt/lampp/htdocs/Inventory-Mgt-System-25/artisan(16): Illuminate\\Foundation\\Application->handleCommand()
#24 {main}

[previous exception] [object] (PDOException(code: 1049): SQLSTATE[HY000] [1049] Unknown database 'inventory_db' at /opt/lampp/htdocs/Inventory-Mgt-System-25/vendor/laravel/framework/src/Illuminate/Database/Connectors/Connector.php:66)
[stacktrace]
#0 /opt/lampp/htdocs/Inventory-Mgt-System-25/vendor/laravel/framework/src/Illuminate/Database/Connectors/Connector.php(66): PDO->__construct()
#1 /opt/lampp/htdocs/Inventory-Mgt-System-25/vendor/laravel/framework/src/Illuminate/Database/Connectors/Connector.php(44): Illuminate\\Database\\Connectors\\Connector->createPdoConnection()
#2 /opt/lampp/htdocs/Inventory-Mgt-System-25/vendor/laravel/framework/src/Illuminate/Database/Connectors/MySqlConnector.php(24): Illuminate\\Database\\Connectors\\Connector->createConnection()
#3 /opt/lampp/htdocs/Inventory-Mgt-System-25/vendor/laravel/framework/src/Illuminate/Database/Connectors/ConnectionFactory.php(184): Illuminate\\Database\\Connectors\\MySqlConnector->connect()
#4 [internal function]: Illuminate\\Database\\Connectors\\ConnectionFactory->Illuminate\\Database\\Connectors\\{closure}()
#5 /opt/lampp/htdocs/Inventory-Mgt-System-25/vendor/laravel/framework/src/Illuminate/Database/Connection.php(1228): call_user_func()
#6 /opt/lampp/htdocs/Inventory-Mgt-System-25/vendor/laravel/framework/src/Illuminate/Database/Connection.php(1264): Illuminate\\Database\\Connection->getPdo()
#7 /opt/lampp/htdocs/Inventory-Mgt-System-25/vendor/laravel/framework/src/Illuminate/Database/Connection.php(509): Illuminate\\Database\\Connection->getReadPdo()
#8 /opt/lampp/htdocs/Inventory-Mgt-System-25/vendor/laravel/framework/src/Illuminate/Database/Connection.php(404): Illuminate\\Database\\Connection->getPdoForSelect()
#9 /opt/lampp/htdocs/Inventory-Mgt-System-25/vendor/laravel/framework/src/Illuminate/Database/Connection.php(809): Illuminate\\Database\\Connection->Illuminate\\Database\\{closure}()
#10 /opt/lampp/htdocs/Inventory-Mgt-System-25/vendor/laravel/framework/src/Illuminate/Database/Connection.php(776): Illuminate\\Database\\Connection->runQueryCallback()
#11 /opt/lampp/htdocs/Inventory-Mgt-System-25/vendor/laravel/framework/src/Illuminate/Database/Connection.php(395): Illuminate\\Database\\Connection->run()
#12 /opt/lampp/htdocs/Inventory-Mgt-System-25/vendor/laravel/framework/src/Illuminate/Database/Connection.php(341): Illuminate\\Database\\Connection->select()
#13 /opt/lampp/htdocs/Inventory-Mgt-System-25/vendor/laravel/framework/src/Illuminate/Database/Connection.php(358): Illuminate\\Database\\Connection->selectOne()
#14 /opt/lampp/htdocs/Inventory-Mgt-System-25/vendor/laravel/framework/src/Illuminate/Database/Schema/Builder.php(174): Illuminate\\Database\\Connection->scalar()
#15 /opt/lampp/htdocs/Inventory-Mgt-System-25/vendor/laravel/framework/src/Illuminate/Database/Migrations/DatabaseMigrationRepository.php(183): Illuminate\\Database\\Schema\\Builder->hasTable()
#16 /opt/lampp/htdocs/Inventory-Mgt-System-25/vendor/laravel/framework/src/Illuminate/Database/Migrations/Migrator.php(749): Illuminate\\Database\\Migrations\\DatabaseMigrationRepository->repositoryExists()
#17 /opt/lampp/htdocs/Inventory-Mgt-System-25/vendor/laravel/framework/src/Illuminate/Database/Console/Migrations/FreshCommand.php(67): Illuminate\\Database\\Migrations\\Migrator->repositoryExists()
#18 /opt/lampp/htdocs/Inventory-Mgt-System-25/vendor/laravel/framework/src/Illuminate/Database/Migrations/Migrator.php(665): Illuminate\\Database\\Console\\Migrations\\FreshCommand->Illuminate\\Database\\Console\\Migrations\\{closure}()
#19 /opt/lampp/htdocs/Inventory-Mgt-System-25/vendor/laravel/framework/src/Illuminate/Database/Console/Migrations/FreshCommand.php(66): Illuminate\\Database\\Migrations\\Migrator->usingConnection()
#20 /opt/lampp/htdocs/Inventory-Mgt-System-25/vendor/laravel/framework/src/Illuminate/Container/BoundMethod.php(36): Illuminate\\Database\\Console\\Migrations\\FreshCommand->handle()
#21 /opt/lampp/htdocs/Inventory-Mgt-System-25/vendor/laravel/framework/src/Illuminate/Container/Util.php(43): Illuminate\\Container\\BoundMethod::Illuminate\\Container\\{closure}()
#22 /opt/lampp/htdocs/Inventory-Mgt-System-25/vendor/laravel/framework/src/Illuminate/Container/BoundMethod.php(96): Illuminate\\Container\\Util::unwrapIfClosure()
#23 /opt/lampp/htdocs/Inventory-Mgt-System-25/vendor/laravel/framework/src/Illuminate/Container/BoundMethod.php(35): Illuminate\\Container\\BoundMethod::callBoundMethod()
#24 /opt/lampp/htdocs/Inventory-Mgt-System-25/vendor/laravel/framework/src/Illuminate/Container/Container.php(754): Illuminate\\Container\\BoundMethod::call()
#25 /opt/lampp/htdocs/Inventory-Mgt-System-25/vendor/laravel/framework/src/Illuminate/Console/Command.php(211): Illuminate\\Container\\Container->call()
#26 /opt/lampp/htdocs/Inventory-Mgt-System-25/vendor/symfony/console/Command/Command.php(318): Illuminate\\Console\\Command->execute()
#27 /opt/lampp/htdocs/Inventory-Mgt-System-25/vendor/laravel/framework/src/Illuminate/Console/Command.php(180): Symfony\\Component\\Console\\Command\\Command->run()
#28 /opt/lampp/htdocs/Inventory-Mgt-System-25/vendor/symfony/console/Application.php(1092): Illuminate\\Console\\Command->run()
#29 /opt/lampp/htdocs/Inventory-Mgt-System-25/vendor/symfony/console/Application.php(341): Symfony\\Component\\Console\\Application->doRunCommand()
#30 /opt/lampp/htdocs/Inventory-Mgt-System-25/vendor/symfony/console/Application.php(192): Symfony\\Component\\Console\\Application->doRun()
#31 /opt/lampp/htdocs/Inventory-Mgt-System-25/vendor/laravel/framework/src/Illuminate/Foundation/Console/Kernel.php(197): Symfony\\Component\\Console\\Application->run()
#32 /opt/lampp/htdocs/Inventory-Mgt-System-25/vendor/laravel/framework/src/Illuminate/Foundation/Application.php(1234): Illuminate\\Foundation\\Console\\Kernel->handle()
#33 /opt/lampp/htdocs/Inventory-Mgt-System-25/artisan(16): Illuminate\\Foundation\\Application->handleCommand()
#34 {main}
"} 
