nohup: ignoring input
[[1;34mINFO[m] Scanning for projects...
[[1;34mINFO[m] 
[[1;34mINFO[m] [1m----------------------< [0;36mcom.autochain:email-api[0;1m >-----------------------[m
[[1;34mINFO[m] [1mBuilding email-api 0.0.1-SNAPSHOT[m
[[1;34mINFO[m] [1m--------------------------------[ jar ]---------------------------------[m
[[1;34mINFO[m] 
[[1;34mINFO[m] [1m>>> [0;32mspring-boot-maven-plugin:3.5.3:run[m [1m(default-cli)[0;1m > [0;1mtest-compile[m @ [36memail-api[0;1m >>>[m
[[1;34mINFO[m] 
[[1;34mINFO[m] [1m--- [0;32mmaven-resources-plugin:3.3.1:resources[m [1m(default-resources)[m @ [36memail-api[0;1m ---[m
[[1;34mINFO[m] Copying 1 resource from src/main/resources to target/classes
[[1;34mINFO[m] Copying 0 resource from src/main/resources to target/classes
[[1;34mINFO[m] 
[[1;34mINFO[m] [1m--- [0;32mmaven-compiler-plugin:3.14.0:compile[m [1m(default-compile)[m @ [36memail-api[0;1m ---[m
[[1;34mINFO[m] Nothing to compile - all classes are up to date.
[[1;34mINFO[m] 
[[1;34mINFO[m] [1m--- [0;32mmaven-resources-plugin:3.3.1:testResources[m [1m(default-testResources)[m @ [36memail-api[0;1m ---[m
[[1;34mINFO[m] skip non existing resourceDirectory /opt/lampp/htdocs/Inventory-Mgt-System-25/email-api/src/test/resources
[[1;34mINFO[m] 
[[1;34mINFO[m] [1m--- [0;32mmaven-compiler-plugin:3.14.0:testCompile[m [1m(default-testCompile)[m @ [36memail-api[0;1m ---[m
[[1;34mINFO[m] Nothing to compile - all classes are up to date.
[[1;34mINFO[m] 
[[1;34mINFO[m] [1m<<< [0;32mspring-boot-maven-plugin:3.5.3:run[m [1m(default-cli)[0;1m < [0;1mtest-compile[m @ [36memail-api[0;1m <<<[m
[[1;34mINFO[m] 
[[1;34mINFO[m] 
[[1;34mINFO[m] [1m--- [0;32mspring-boot-maven-plugin:3.5.3:run[m [1m(default-cli)[m @ [36memail-api[0;1m ---[m
[[1;34mINFO[m] Attaching agents: []

  .   ____          _            __ _ _
 /\\ / ___'_ __ _ _(_)_ __  __ _ \ \ \ \
( ( )\___ | '_ | '_| | '_ \/ _` | \ \ \ \
 \\/  ___)| |_)| | | | | || (_| |  ) ) ) )
  '  |____| .__|_| |_|_| |_\__, | / / / /
 =========|_|==============|___/=/_/_/_/

 :: Spring Boot ::                (v3.5.3)

2025-12-19 15:11:48 - Starting EmailApiApplication using Java 17.0.17 with PID 650999 (/opt/lampp/htdocs/Inventory-Mgt-System-25/email-api/target/classes started by dev-kiran in /opt/lampp/htdocs/Inventory-Mgt-System-25/email-api)
2025-12-19 15:11:48 - No active profile set, falling back to 1 default profile: "default"
2025-12-19 15:11:48 - Devtools property defaults active! Set 'spring.devtools.add-properties' to 'false' to disable
2025-12-19 15:11:48 - For additional web related logging consider setting the 'logging.level.web' property to 'DEBUG'
2025-12-19 15:11:48 - Tomcat initialized with port 8081 (http)
2025-12-19 15:11:48 - Starting service [Tomcat]
2025-12-19 15:11:48 - Starting Servlet engine: [Apache Tomcat/10.1.42]
2025-12-19 15:11:48 - Initializing Spring embedded WebApplicationContext
2025-12-19 15:11:48 - Root WebApplicationContext: initialization completed in 637 ms
2025-12-19 15:11:48 - LiveReload server is running on port 35729
2025-12-19 15:11:49 - Tomcat started on port 8081 (http) with context path '/'
2025-12-19 15:11:49 - Started EmailApiApplication in 1.267 seconds (process running for 1.539)
