nohup: ignoring input

   INFO  Server running on [http://127.0.0.1:8000].  

  Press Ctrl+C to stop the server

  2025-12-19 16:51:31 /manufacturer/production-analytics ......... ~ 500.45ms
  2025-12-19 16:54:09 /manufacturer/production-analytics ........... ~ 0.11ms
  2025-12-19 16:56:44 /analyze/ .................................... ~ 0.09ms
  2025-12-19 16:58:23 /analyze/ .................................... ~ 0.10ms
  2025-12-19 16:58:29 /analyze/ .................................... ~ 0.14ms
  2025-12-19 16:58:32 /analyze/ .................................... ~ 0.12ms
  2025-12-19 16:58:44 /vendor/orders ............................... ~ 0.20ms
  2025-12-19 17:02:11 /vendor/manufacturer-orders .................. ~ 0.18ms
  2025-12-19 17:05:24 /manufacturer/production-lines ............... ~ 0.17ms
  2025-12-19 17:07:47 /manufacturer/dashboard ...................... ~ 0.15ms
  2025-12-19 17:08:21 /analyze/ .................................... ~ 0.13ms
  2025-12-19 17:08:21 /analyze/ .................................... ~ 0.11ms
  2025-12-19 17:08:22 /analyze/ .................................... ~ 0.14ms
  2025-12-19 17:08:22 /analyze/ .................................... ~ 0.12ms
  2025-12-19 17:08:23 /analyze/ .................................... ~ 0.13ms
  2025-12-19 17:08:25 /analyze/ .................................... ~ 0.12ms
  2025-12-19 17:08:29 /analyze/ .................................... ~ 0.12ms
  2025-12-19 17:08:29 /analyze/ .................................... ~ 0.15ms
  2025-12-19 17:08:30 /analyze/ .................................... ~ 0.10ms
  2025-12-19 17:08:31 /analyze/ .................................... ~ 0.14ms
  2025-12-19 17:08:34 /analyze/ .................................... ~ 0.10ms
  2025-12-19 17:08:34 /analyze/ .................................... ~ 0.03ms
  2025-12-19 17:08:34 /analyze/ .................................... ~ 0.02ms
  2025-12-19 17:08:37 /analyze/ .................................... ~ 0.11ms
  2025-12-19 17:08:37 /analyze/ .................................... ~ 0.03ms
  2025-12-19 17:08:38 /analyze/ .................................... ~ 0.13ms
  2025-12-19 17:08:39 /analyze/ .................................... ~ 0.09ms
  2025-12-19 17:08:39 /analyze/ .................................... ~ 0.02ms
  2025-12-19 17:08:40 /analyze/ .................................. ~ 500.27ms
  2025-12-19 17:08:41 /analyze/ .................................... ~ 0.09ms
  2025-12-19 17:08:42 /analyze/ .................................... ~ 0.02ms
  2025-12-19 17:08:44 /analyze/ .................................... ~ 0.11ms
  2025-12-19 17:08:44 /analyze/ .................................... ~ 0.13ms
  2025-12-19 17:08:44 /analyze/ .................................... ~ 0.03ms
  2025-12-19 17:08:46 /analyze/ .................................... ~ 0.17ms
  2025-12-19 17:08:46 /analyze/ .................................... ~ 0.02ms
  2025-12-19 17:08:50 /analyze/ .................................... ~ 0.13ms
  2025-12-19 17:08:51 /analyze/ .................................... ~ 0.08ms
  2025-12-19 17:08:52 /analyze/ .................................... ~ 0.14ms
  2025-12-19 17:08:52 /analyze/ .................................... ~ 0.04ms
  2025-12-19 17:08:54 /analyze/ .................................... ~ 0.15ms
  2025-12-19 17:08:54 /analyze/ .................................... ~ 0.14ms
  2025-12-19 17:08:55 /analyze/ .................................... ~ 0.09ms
  2025-12-19 17:08:57 /analyze/ .................................... ~ 0.13ms
  2025-12-19 17:08:57 /analyze/ .................................... ~ 0.04ms
  2025-12-19 17:08:59 /analyze/ .................................... ~ 0.15ms
  2025-12-19 17:09:01 /analyze/ .................................... ~ 0.17ms
  2025-12-19 17:09:04 /analyze/ .................................... ~ 0.25ms
  2025-12-19 17:09:06 /analyze/ .................................... ~ 0.13ms
  2025-12-19 17:09:07 /analyze/ .................................... ~ 0.12ms
  2025-12-19 17:09:09 /analyze/ .................................... ~ 0.15ms
  2025-12-19 17:09:10 /analyze/ .................................... ~ 0.14ms
  2025-12-19 17:09:11 /analyze/ .................................... ~ 0.15ms
  2025-12-19 17:09:12 /analyze/ .................................... ~ 0.13ms
  2025-12-19 17:09:13 /analyze/ .................................... ~ 0.10ms
  2025-12-19 17:09:19 /manufacturer/inventory-status ............... ~ 0.11ms
  2025-12-19 17:09:19 /manufacturer/material-receipt ............... ~ 0.02ms
  2025-12-19 17:09:39 /analyze/ .................................... ~ 0.13ms
  2025-12-19 17:09:42 /analyze/ .................................... ~ 0.14ms
  2025-12-19 17:09:45 /analyze/ .................................... ~ 0.10ms
  2025-12-19 17:09:47 /analyze/ .................................... ~ 0.11ms
  2025-12-19 17:09:48 /analyze/ .................................... ~ 0.14ms
  2025-12-19 17:10:10 /manufacturer/checklists ..................... ~ 0.13ms
  2025-12-19 17:10:10 /manufacturer/orders ......................... ~ 0.04ms
  2025-12-19 17:10:31 /analyze/ .................................... ~ 0.17ms
  2025-12-19 17:10:33 /analyze/ .................................... ~ 0.15ms
  2025-12-19 17:10:35 /analyze/ .................................... ~ 0.15ms
  2025-12-19 17:10:35 /analyze/ .................................... ~ 0.84ms
  2025-12-19 17:10:36 /analyze/ .................................... ~ 0.14ms
  2025-12-19 17:11:01 /analyze/ .................................... ~ 0.14ms
  2025-12-19 17:11:14 /analyze/ .................................... ~ 0.11ms
  2025-12-19 17:11:17 /analyze/ .................................... ~ 0.13ms
  2025-12-19 17:11:19 /analyze/ .................................... ~ 0.18ms
  2025-12-19 17:11:20 /analyze/ .................................... ~ 0.11ms
  2025-12-19 17:11:23 /analyze/ .................................... ~ 0.12ms
  2025-12-19 17:11:24 /analyze/ .................................... ~ 0.15ms
  2025-12-19 17:11:25 /analyze/ .................................... ~ 0.10ms
  2025-12-19 17:11:26 /analyze/ .................................... ~ 0.12ms
  2025-12-19 17:11:40 /manufacturer/production-analytics ........... ~ 0.14ms
  2025-12-19 17:11:44 /analyze/ .................................... ~ 0.12ms
  2025-12-19 17:11:48 /analyze/ .................................... ~ 0.16ms
  2025-12-19 17:11:50 /analyze/ .................................... ~ 0.19ms
  2025-12-19 17:11:52 /analyze/ .................................... ~ 0.09ms
  2025-12-19 17:11:53 /analyze/ .................................... ~ 0.18ms
  2025-12-19 17:15:44 /analyze/ .................................... ~ 0.24ms
  2025-12-19 17:15:57 /analyze/ .................................... ~ 0.23ms
  2025-12-19 17:16:04 /analyze/ .................................... ~ 0.10ms
  2025-12-19 17:16:05 /analyze/ .................................... ~ 0.17ms
  2025-12-19 17:16:06 /analyze/ .................................... ~ 0.15ms
  2025-12-19 17:16:07 /analyze/ .................................... ~ 0.11ms
  2025-12-19 17:16:09 /analyze/ .................................... ~ 0.16ms
  2025-12-19 17:17:09 /admin/dashboard ............................. ~ 0.12ms
  2025-12-19 17:17:09 /admin/system-flow ........................... ~ 0.02ms
  2025-12-19 17:17:09 /admin/analytics ............................. ~ 0.02ms
  2025-12-19 17:18:03 /analyze/ .................................... ~ 0.14ms
  2025-12-19 17:18:05 /analyze/ .................................... ~ 0.13ms
  2025-12-19 17:18:06 /analyze/ .................................... ~ 0.14ms
  2025-12-19 17:18:07 /analyze/ .................................... ~ 0.08ms
  2025-12-19 17:18:08 /analyze/ .................................... ~ 0.15ms
  2025-12-19 17:18:09 /analyze/ .................................... ~ 0.10ms
  2025-12-19 17:18:10 /analyze/ .................................. ~ 500.71ms
  2025-12-19 17:18:11 /analyze/ .................................... ~ 0.13ms
  2025-12-19 17:18:51 /admin/system-flow ........................... ~ 0.13ms
  2025-12-19 17:19:09 /analyze/ .................................... ~ 0.09ms
  2025-12-19 17:19:11 /analyze/ .................................... ~ 0.09ms
  2025-12-19 17:20:07 /admin/analytics ............................. ~ 0.09ms
  2025-12-19 17:20:21 /analyze/ .................................... ~ 0.13ms
  2025-12-19 17:20:21 /analyze/ .................................... ~ 0.13ms
  2025-12-19 17:20:23 /analyze/ .................................... ~ 0.22ms
  2025-12-19 17:20:24 /analyze/ .................................... ~ 0.16ms
  2025-12-19 17:20:25 /analyze/ .................................... ~ 0.09ms
  2025-12-19 17:20:30 /analyze/ .................................... ~ 0.17ms
  2025-12-19 17:20:32 /analyze/ .................................... ~ 0.15ms
  2025-12-19 17:20:59 /analyze/ .................................... ~ 0.31ms
  2025-12-19 17:21:00 /analyze/ .................................... ~ 0.12ms
  2025-12-19 17:21:01 /analyze/ .................................... ~ 0.08ms
  2025-12-19 17:21:02 /analyze/ .................................... ~ 0.10ms
  2025-12-19 17:22:09 /analyze/ .................................... ~ 0.12ms
  2025-12-19 17:22:11 /analyze/ .................................... ~ 0.13ms
  2025-12-19 17:22:12 /analyze/ .................................... ~ 0.18ms
  2025-12-19 17:22:13 /analyze/ .................................... ~ 0.08ms
  2025-12-19 17:22:14 /analyze/ .................................... ~ 0.13ms
  2025-12-19 17:22:17 /analyze/ .................................... ~ 0.12ms
  2025-12-19 17:22:18 /analyze/ .................................... ~ 0.10ms
  2025-12-19 17:22:19 /analyze/ .................................... ~ 0.11ms
  2025-12-19 17:22:20 /analyze/ .................................... ~ 0.09ms
  2025-12-19 17:22:21 /analyze/ .................................... ~ 0.11ms
  2025-12-19 17:22:22 /analyze/ .................................... ~ 0.12ms
  2025-12-19 17:22:23 /analyze/ .................................... ~ 0.13ms
  2025-12-19 17:22:28 /analyze/ .................................... ~ 0.17ms
  2025-12-19 17:22:31 /analyze/ .................................... ~ 0.11ms
  2025-12-19 17:22:32 /analyze/ .................................... ~ 0.14ms
  2025-12-19 17:22:37 /analyze/ .................................. ~ 500.56ms
  2025-12-19 17:22:38 /analyze/ .................................... ~ 0.16ms
  2025-12-19 17:22:39 /analyze/ .................................... ~ 0.16ms
  2025-12-19 17:22:49 /analyze/ .................................. ~ 500.63ms
  2025-12-19 17:22:53 /analyze/ .................................... ~ 0.11ms
  2025-12-19 17:23:00 /analyst/analytics ........................... ~ 0.17ms
  2025-12-19 17:23:03 /analyze/ .................................... ~ 0.13ms
  2025-12-19 17:23:32 /analyze/ .................................... ~ 0.19ms
  2025-12-19 17:23:45 /analyze/ .................................... ~ 0.12ms
  2025-12-19 17:23:48 /analyze/ .................................. ~ 500.49ms
  2025-12-19 17:24:05 /analyze/ .................................... ~ 0.20ms
  2025-12-19 17:24:09 /analyze/ .................................... ~ 0.21ms
  2025-12-19 17:24:16 /analyze/ .................................... ~ 0.22ms
  2025-12-19 17:24:17 /analyze/ .................................... ~ 0.17ms
  2025-12-19 17:24:52 /analyze/ .................................... ~ 0.12ms
  2025-12-19 17:25:02 /analyze/ .................................... ~ 0.14ms
  2025-12-19 17:25:08 /analyze/ .................................... ~ 0.14ms
  2025-12-19 17:25:12 /analyze/ .................................... ~ 0.12ms
  2025-12-19 17:25:26 /analyze/ .................................... ~ 0.11ms
  2025-12-19 17:25:30 /analyze/ .................................... ~ 0.14ms
  2025-12-19 17:25:31 /analyze/ .................................... ~ 0.20ms
  2025-12-19 17:25:31 /analyze/ .................................... ~ 0.19ms
  2025-12-19 17:25:32 /analyze/ .................................... ~ 0.11ms
  2025-12-19 17:25:34 /analyze/ .................................... ~ 0.12ms
  2025-12-19 17:25:43 /analyze/ .................................... ~ 0.18ms
  2025-12-19 17:26:04 /analyze/ .................................... ~ 0.16ms
  2025-12-19 17:26:27 /analyze/ .................................... ~ 0.12ms
  2025-12-19 17:26:54 /analyze/ .................................... ~ 0.21ms
  2025-12-19 17:27:23 /analyze/ .................................... ~ 0.10ms
  2025-12-19 17:28:02 /analyze/ .................................... ~ 0.11ms
  2025-12-19 17:28:07 /analyze/ .................................... ~ 0.13ms
  2025-12-19 17:28:15 /analyze/ .................................... ~ 0.19ms
  2025-12-19 17:28:22 /analyze/ .................................... ~ 0.19ms
  2025-12-19 17:28:24 /analyze/ .................................... ~ 0.11ms
  2025-12-19 17:28:27 /analyze/ .................................... ~ 0.19ms
  2025-12-19 17:28:31 /analyze/ .................................... ~ 0.15ms
  2025-12-19 17:29:06 /analyze/ .................................... ~ 0.23ms
  2025-12-19 17:29:10 /analyze/ .................................... ~ 0.21ms
  2025-12-19 17:29:16 /analyze/ .................................... ~ 0.16ms
  2025-12-19 17:29:43 /admin/dashboard ............................. ~ 0.15ms
  2025-12-19 17:29:45 /admin/reports ............................... ~ 0.08ms
  2025-12-19 17:29:47 /admin/settings .............................. ~ 0.08ms
  2025-12-19 17:29:48 /admin/backups ............................... ~ 0.12ms
  2025-12-19 17:29:55 /analyze/ .................................... ~ 0.13ms
  2025-12-19 17:29:58 /analyze/ .................................... ~ 0.14ms
  2025-12-19 17:29:59 /analyze/ .................................... ~ 0.18ms
  2025-12-19 17:30:00 /analyze/ .................................... ~ 0.16ms
  2025-12-19 17:30:01 /analyze/ .................................... ~ 0.15ms
  2025-12-19 17:30:02 /analyze/ .................................... ~ 0.26ms
  2025-12-19 17:30:03 /analyze/ .................................... ~ 0.09ms
  2025-12-19 17:30:04 /analyze/ .................................... ~ 0.09ms
  2025-12-19 17:30:05 /analyze/ .................................... ~ 0.10ms
  2025-12-19 17:30:07 /analyze/ .................................... ~ 0.10ms
  2025-12-19 17:30:09 /analyze/ .................................... ~ 0.10ms
  2025-12-19 17:30:46 /analyze/ .................................... ~ 0.09ms
  2025-12-19 17:30:47 /analyze/ .................................... ~ 0.11ms
  2025-12-19 17:30:49 /analyze/ .................................... ~ 0.12ms
  2025-12-19 17:30:51 /analyze/ .................................... ~ 0.09ms
  2025-12-19 17:30:52 /analyze/ .................................... ~ 0.23ms
  2025-12-19 17:30:53 /analyze/ .................................... ~ 0.13ms
  2025-12-19 17:30:59 /analyze/ .................................... ~ 0.14ms
  2025-12-19 17:31:01 /analyze/ .................................... ~ 0.11ms
  2025-12-19 17:31:02 /analyze/ .................................... ~ 0.14ms
  2025-12-19 17:31:07 /analyze/ .................................... ~ 0.16ms
  2025-12-19 17:31:08 /analyze/ .................................... ~ 0.12ms
  2025-12-19 17:31:31 /analyze/ .................................... ~ 0.15ms
  2025-12-19 17:32:29 /analyze/ .................................... ~ 0.13ms
  2025-12-19 17:32:36 /analyze/ .................................. ~ 500.29ms
  2025-12-19 17:32:38 /analyze/ .................................. ~ 500.46ms
  2025-12-19 17:32:39 /analyze/ .................................... ~ 0.14ms
  2025-12-19 17:32:41 /analyze/ .................................... ~ 0.20ms
  2025-12-19 17:32:42 /analyze/ .................................... ~ 0.19ms
  2025-12-19 17:32:44 /analyze/ .................................... ~ 0.20ms
  2025-12-19 17:32:46 /analyze/ .................................... ~ 0.16ms
  2025-12-19 17:32:47 /analyze/ .................................... ~ 0.13ms
  2025-12-19 17:32:49 /analyze/ .................................... ~ 0.16ms
  2025-12-19 17:32:52 /analyze/ .................................... ~ 0.19ms
  2025-12-19 17:32:56 /retailer/reports ............................ ~ 0.11ms
  2025-12-19 17:33:17 /analyze/ .................................... ~ 0.16ms
  2025-12-19 17:33:23 /analyze/ .................................... ~ 0.14ms
  2025-12-19 17:33:25 /analyze/ .................................... ~ 0.09ms
  2025-12-19 17:33:29 /analyze/ .................................... ~ 0.08ms
  2025-12-19 17:33:33 /analyze/ .................................... ~ 0.14ms
  2025-12-19 17:33:53 /analyze/ .................................. ~ 500.49ms
  2025-12-19 17:33:55 /analyze/ .................................... ~ 0.11ms
  2025-12-19 17:34:00 /analyze/ .................................. ~ 500.33ms
  2025-12-19 17:34:37 /analyze/ .................................... ~ 0.19ms
  2025-12-19 17:34:57 /vendor/dashboard ............................ ~ 0.19ms
  2025-12-19 17:35:09 /analyze/ .................................... ~ 0.19ms
  2025-12-19 17:35:10 /analyze/ .................................... ~ 0.14ms
  2025-12-19 17:35:11 /analyze/ .................................... ~ 0.12ms
  2025-12-19 17:35:12 /analyze/ .................................... ~ 0.10ms
  2025-12-19 17:35:13 /analyze/ .................................... ~ 0.13ms
  2025-12-19 17:35:14 /analyze/ .................................... ~ 0.19ms
  2025-12-19 17:35:43 /analyze/ .................................... ~ 0.11ms
  2025-12-19 17:35:54 /vendor/tracking ............................. ~ 0.19ms
